#
# A fatal error has been detected by the Java Runtime Environment:
#
#  EXCEPTION_ACCESS_VIOLATION (0xc0000005) at pc=0x00007ff9c3f0c91f, pid=1396, tid=2876
#
# JRE version: Java(TM) SE Runtime Environment (8.0_20-b26) (build 1.8.0_20-b26)
# Java VM: Java HotSpot(TM) 64-Bit Server VM (25.20-b23 mixed mode windows-amd64 compressed oops)
# Problematic frame:
# C  [libusb4java.dll+0xc91f]
#
# Failed to write core dump. Minidumps are not enabled by default on client versions of Windows
#
# If you would like to submit a bug report, please visit:
#   http://bugreport.sun.com/bugreport/crash.jsp
# The crash happened outside the Java Virtual Machine in native code.
# See problematic frame for where to report the bug.
#

---------------  T H R E A D  ---------------

Current thread (0x0000000002f53800):  JavaThread "main" [_thread_in_native, id=2876, stack(0x0000000002d50000,0x0000000002e50000)]

siginfo: ExceptionCode=0xc0000005, reading address 0x0000000000000040

Registers:
RAX=0x0000000000000000, RBX=0x000000001c516428, RCX=0x0000000000f2f428, RDX=0x000000076bd7f788
RSP=0x0000000002e4f1f0, RBP=0x0000000002e4f2c0, RSI=0x00000000f8007d78, RDI=0x0000000003057acd
R8 =0x0000000000000042, R9 =0x00000007c007fb78, R10=0x000000001c51a438, R11=0x0000000002e4f1c0
R12=0x0000000000000000, R13=0x000000001c516428, R14=0x0000000002e4f2e0, R15=0x0000000002f53800
RIP=0x00007ff9c3f0c91f, EFLAGS=0x0000000000010206

Top of Stack: (sp=0x0000000002e4f1f0)
0x0000000002e4f1f0:   0000000002f539e8 0000000002e4f2c0
0x0000000002e4f200:   00007ff9c3f41dc8 0000000002f53800
0x0000000002e4f210:   0000000003057acd 00007ff9c3f05284
0x0000000002e4f220:   000000001c516428 0000000000f2f3c0
0x0000000002e4f230:   000000001c516428 00000000f8007d78
0x0000000002e4f240:   0000000002e4f2c0 000000000306dd0c
0x0000000002e4f250:   0000000000f2f428 000000001c516428
0x0000000002e4f260:   0000000003057acd 0000000002f53800
0x0000000002e4f270:   0000000002e4f360 000000000306d891
0x0000000002e4f280:   0000000002e4f280 000000001c516428
0x0000000002e4f290:   0000000002e4f2e0 000000001c517888
0x0000000002e4f2a0:   0000000000000000 000000001c516428
0x0000000002e4f2b0:   0000000000000000 0000000002e4f2e0
0x0000000002e4f2c0:   0000000002e4f338 0000000003057510
0x0000000002e4f2d0:   000000076bcd7060 0000000003064036
0x0000000002e4f2e0:   000000076bd7f788 000000076bd95928 

Instructions: (pc=0x00007ff9c3f0c91f)
0x00007ff9c3f0c8ff:   cc 48 89 4c 24 08 48 83 ec 58 48 8b 44 24 60 48
0x00007ff9c3f0c90f:   83 e8 68 48 89 44 24 38 48 8b 44 24 60 48 8b 00
0x00007ff9c3f0c91f:   48 8b 40 40 48 8b 40 30 48 89 44 24 40 48 8b 44
0x00007ff9c3f0c92f:   24 60 48 89 44 24 20 4c 8d 0d 2b 69 04 00 4c 8d 


Register to memory mapping:

RAX=0x0000000000000000 is an unknown value
RBX={method} {0x000000001c516430} 'submitTransfer' '(Lorg/usb4java/Transfer;)I' in 'org/usb4java/LibUsb'
RCX=0x0000000000f2f428 is an unknown value
RDX=0x000000076bd7f788 is an oop
org.usb4java.Transfer 
 - klass: 'org/usb4java/Transfer'
RSP=0x0000000002e4f1f0 is pointing into the stack for thread: 0x0000000002f53800
RBP=0x0000000002e4f2c0 is pointing into the stack for thread: 0x0000000002f53800
RSI=0x00000000f8007d78 is an unknown value
RDI=0x0000000003057acd is at code_begin+2093 in an Interpreter codelet
invoke return entry points  [0x00000000030572a0, 0x0000000003057ba0]  2304 bytes
R8 =0x0000000000000042 is an unknown value
R9 =0x00000007c007fb78 is pointing into metadata
R10=0x000000001c51a438 is pointing into metadata
R11=0x0000000002e4f1c0 is pointing into the stack for thread: 0x0000000002f53800
R12=0x0000000000000000 is an unknown value
R13={method} {0x000000001c516430} 'submitTransfer' '(Lorg/usb4java/Transfer;)I' in 'org/usb4java/LibUsb'
R14=0x0000000002e4f2e0 is pointing into the stack for thread: 0x0000000002f53800
R15=0x0000000002f53800 is a thread


Stack: [0x0000000002d50000,0x0000000002e50000],  sp=0x0000000002e4f1f0,  free space=1020k
Native frames: (J=compiled Java code, j=interpreted, Vv=VM code, C=native code)
C  [libusb4java.dll+0xc91f]
C  0x000000000306dd0c

Java frames: (J=compiled Java code, j=interpreted, Vv=VM code)
j  org.usb4java.LibUsb.submitTransfer(Lorg/usb4java/Transfer;)I+0
j  com.vladimir.PsyComUsb.App4.sendData([B)V+43
j  com.vladimir.PsyComUsb.App4.initialize(Lcom/vladimir/PsyComUsb/App4;)V+14
j  com.vladimir.PsyComUsb.App4.main([Ljava/lang/String;)V+10
v  ~StubRoutines::call_stub

---------------  P R O C E S S  ---------------

Java Threads: ( => current thread )
  0x000000001ec88000 JavaThread "Service Thread" daemon [_thread_blocked, id=15636, stack(0x000000001fae0000,0x000000001fbe0000)]
  0x000000001ec86000 JavaThread "C1 CompilerThread3" daemon [_thread_blocked, id=15492, stack(0x000000001f9e0000,0x000000001fae0000)]
  0x000000001ec83800 JavaThread "C2 CompilerThread2" daemon [_thread_blocked, id=8496, stack(0x000000001f8e0000,0x000000001f9e0000)]
  0x000000001ed15000 JavaThread "C2 CompilerThread1" daemon [_thread_blocked, id=16764, stack(0x000000001f7e0000,0x000000001f8e0000)]
  0x000000001eaf7800 JavaThread "C2 CompilerThread0" daemon [_thread_blocked, id=14296, stack(0x000000001f6e0000,0x000000001f7e0000)]
  0x000000001eae6000 JavaThread "JDWP Command Reader" daemon [_thread_in_native, id=1872, stack(0x000000001f5e0000,0x000000001f6e0000)]
  0x000000001eae5000 JavaThread "JDWP Event Helper Thread" daemon [_thread_blocked, id=17236, stack(0x000000001f4e0000,0x000000001f5e0000)]
  0x000000001eadc000 JavaThread "JDWP Transport Listener: dt_socket" daemon [_thread_blocked, id=17308, stack(0x000000001f3e0000,0x000000001f4e0000)]
  0x000000001eaca000 JavaThread "Attach Listener" daemon [_thread_blocked, id=5440, stack(0x000000001efa0000,0x000000001f0a0000)]
  0x000000001eac9000 JavaThread "Signal Dispatcher" daemon [_thread_blocked, id=6272, stack(0x000000001eea0000,0x000000001efa0000)]
  0x000000001cabc800 JavaThread "Finalizer" daemon [_thread_blocked, id=11500, stack(0x000000001e9a0000,0x000000001eaa0000)]
  0x0000000003045800 JavaThread "Reference Handler" daemon [_thread_blocked, id=17324, stack(0x000000001e8a0000,0x000000001e9a0000)]
=>0x0000000002f53800 JavaThread "main" [_thread_in_native, id=2876, stack(0x0000000002d50000,0x0000000002e50000)]

Other Threads:
  0x000000001cab8000 VMThread [stack: 0x000000001e7a0000,0x000000001e8a0000] [id=11888]
  0x000000001eccb000 WatcherThread [stack: 0x000000001fbe0000,0x000000001fce0000] [id=7548]

VM state:not at safepoint (normal execution)

VM Mutex/Monitor currently owned by a thread: None

Heap:
 PSYoungGen      total 76288K, used 10489K [0x000000076b400000, 0x0000000770900000, 0x00000007c0000000)
  eden space 65536K, 16% used [0x000000076b400000,0x000000076be3e440,0x000000076f400000)
  from space 10752K, 0% used [0x000000076fe80000,0x000000076fe80000,0x0000000770900000)
  to   space 10752K, 0% used [0x000000076f400000,0x000000076f400000,0x000000076fe80000)
 ParOldGen       total 175104K, used 0K [0x00000006c1c00000, 0x00000006cc700000, 0x000000076b400000)
  object space 175104K, 0% used [0x00000006c1c00000,0x00000006c1c00000,0x00000006cc700000)
 Metaspace       used 5187K, capacity 5298K, committed 5504K, reserved 1056768K
  class space    used 547K, capacity 593K, committed 640K, reserved 1048576K

Card table byte_map: [0x0000000012410000,0x0000000012c10000] byte_map_base: 0x000000000ee02000

Marking Bits: (ParMarkBitMap*) 0x0000000076f4b460
 Begin Bits: [0x0000000013960000, 0x00000000178f0000)
 End Bits:   [0x00000000178f0000, 0x000000001b880000)

Polling page: 0x0000000002c70000

CodeCache: size=245760Kb used=1313Kb max_used=1313Kb free=244446Kb
 bounds [0x0000000003050000, 0x00000000032c0000, 0x0000000012050000]
 total_blobs=424 nmethods=118 adapters=228
 compilation: enabled

Compilation events (10 events):
Event: 0.301 Thread 0x000000001ec86000  115       3       java.lang.Number::<init> (5 bytes)
Event: 0.301 Thread 0x000000001ec86000 nmethod 115 0x0000000003196910 code [0x0000000003196a60, 0x0000000003196c10]
Event: 0.301 Thread 0x000000001ec86000  107       3       java.lang.StringCoding::scale (7 bytes)
Event: 0.301 Thread 0x000000001ec86000 nmethod 107 0x00000000031965d0 code [0x0000000003196720, 0x0000000003196890]
Event: 0.301 Thread 0x000000001ec86000  116       3       java.lang.Long::<init> (10 bytes)
Event: 0.301 Thread 0x000000001ec86000 nmethod 116 0x0000000003196150 code [0x00000000031962c0, 0x00000000031964d0]
Event: 0.301 Thread 0x000000001ec86000  117       3       org.eclipse.jdt.launching.internal.org.objectweb.asm.ByteVector::putShort (52 bytes)
Event: 0.302 Thread 0x000000001ec86000 nmethod 117 0x0000000003195c10 code [0x0000000003195d80, 0x0000000003195fe8]
Event: 0.302 Thread 0x000000001ec86000  118       3       org.eclipse.jdt.launching.internal.org.objectweb.asm.SymbolTable::get (13 bytes)
Event: 0.302 Thread 0x000000001ec86000 nmethod 118 0x0000000003195810 code [0x0000000003195960, 0x0000000003195b10]

GC Heap History (0 events):
No events

Deoptimization events (0 events):
No events

Internal exceptions (10 events):
Event: 5.490 Thread 0x0000000002f53800 Exception <a 'java/security/PrivilegedActionException'> (0x000000076bcb7698) thrown at [D:\re\workspace\8-2-build-windows-amd64-cygwin\jdk8u20\1074\hotspot\src\share\vm\prims\jvm.cpp, line 1275]
Event: 6.264 Thread 0x0000000002f53800 Exception <a 'java/security/PrivilegedActionException'> (0x000000076bcd7b18) thrown at [D:\re\workspace\8-2-build-windows-amd64-cygwin\jdk8u20\1074\hotspot\src\share\vm\prims\jvm.cpp, line 1275]
Event: 6.385 Thread 0x0000000002f53800 Exception <a 'java/security/PrivilegedActionException'> (0x000000076bcf0768) thrown at [D:\re\workspace\8-2-build-windows-amd64-cygwin\jdk8u20\1074\hotspot\src\share\vm\prims\jvm.cpp, line 1275]
Event: 6.427 Thread 0x0000000002f53800 Exception <a 'java/security/PrivilegedActionException'> (0x000000076bcf9660) thrown at [D:\re\workspace\8-2-build-windows-amd64-cygwin\jdk8u20\1074\hotspot\src\share\vm\prims\jvm.cpp, line 1275]
Event: 6.427 Thread 0x0000000002f53800 Exception <a 'java/security/PrivilegedActionException'> (0x000000076bcf9818) thrown at [D:\re\workspace\8-2-build-windows-amd64-cygwin\jdk8u20\1074\hotspot\src\share\vm\prims\jvm.cpp, line 1275]
Event: 6.459 Thread 0x0000000002f53800 Exception <a 'java/security/PrivilegedActionException'> (0x000000076bcfd5b0) thrown at [D:\re\workspace\8-2-build-windows-amd64-cygwin\jdk8u20\1074\hotspot\src\share\vm\prims\jvm.cpp, line 1275]
Event: 6.459 Thread 0x0000000002f53800 Exception <a 'java/security/PrivilegedActionException'> (0x000000076bcfd768) thrown at [D:\re\workspace\8-2-build-windows-amd64-cygwin\jdk8u20\1074\hotspot\src\share\vm\prims\jvm.cpp, line 1275]
Event: 7.051 Thread 0x0000000002f53800 Exception <a 'java/security/PrivilegedActionException'> (0x000000076bd71330) thrown at [D:\re\workspace\8-2-build-windows-amd64-cygwin\jdk8u20\1074\hotspot\src\share\vm\prims\jvm.cpp, line 1275]
Event: 10.266 Thread 0x0000000002f53800 Exception <a 'java/security/PrivilegedActionException'> (0x000000076bd7fc18) thrown at [D:\re\workspace\8-2-build-windows-amd64-cygwin\jdk8u20\1074\hotspot\src\share\vm\prims\jvm.cpp, line 1275]
Event: 10.293 Thread 0x0000000002f53800 Exception <a 'java/security/PrivilegedActionException'> (0x000000076bd8d558) thrown at [D:\re\workspace\8-2-build-windows-amd64-cygwin\jdk8u20\1074\hotspot\src\share\vm\prims\jvm.cpp, line 1275]

Events (10 events):
Event: 21.446 Executing VM operation: ChangeSingleStep
Event: 21.446 Executing VM operation: ChangeSingleStep done
Event: 21.446 Executing VM operation: EnterInterpOnlyMode
Event: 21.446 Executing VM operation: EnterInterpOnlyMode done
Event: 21.446 Executing VM operation: GetCurrentLocation
Event: 21.446 Executing VM operation: GetCurrentLocation done
Event: 21.446 Executing VM operation: ChangeSingleStep
Event: 21.446 Executing VM operation: ChangeSingleStep done
Event: 21.447 Executing VM operation: ChangeSingleStep
Event: 21.447 Executing VM operation: ChangeSingleStep done


Dynamic libraries:
0x00007ff7b4010000 - 0x00007ff7b4044000 	C:\Program Files\Java\jdk1.8.0_20\bin\javaw.exe
0x00007ff9e9a70000 - 0x00007ff9e9c51000 	C:\WINDOWS\SYSTEM32\ntdll.dll
0x00007ff9e8c20000 - 0x00007ff9e8cd2000 	C:\WINDOWS\System32\KERNEL32.DLL
0x00007ff9e60b0000 - 0x00007ff9e6323000 	C:\WINDOWS\System32\KERNELBASE.dll
0x00007ff9e40e0000 - 0x00007ff9e416b000 	C:\WINDOWS\SYSTEM32\apphelp.dll
0x00007ff9e83f0000 - 0x00007ff9e8491000 	C:\WINDOWS\System32\ADVAPI32.dll
0x00007ff9e9940000 - 0x00007ff9e99de000 	C:\WINDOWS\System32\msvcrt.dll
0x00007ff9e8d00000 - 0x00007ff9e8d5b000 	C:\WINDOWS\System32\sechost.dll
0x00007ff9e8af0000 - 0x00007ff9e8c14000 	C:\WINDOWS\System32\RPCRT4.dll
0x00007ff9e84a0000 - 0x00007ff9e8630000 	C:\WINDOWS\System32\USER32.dll
0x00007ff9e6330000 - 0x00007ff9e6350000 	C:\WINDOWS\System32\win32u.dll
0x00007ff9e9870000 - 0x00007ff9e9898000 	C:\WINDOWS\System32\GDI32.dll
0x00007ff9e6350000 - 0x00007ff9e64e2000 	C:\WINDOWS\System32\gdi32full.dll
0x00007ff9e6e60000 - 0x00007ff9e6eff000 	C:\WINDOWS\System32\msvcp_win.dll
0x00007ff9e64f0000 - 0x00007ff9e65e8000 	C:\WINDOWS\System32\ucrtbase.dll
0x00007ff9da850000 - 0x00007ff9daab9000 	C:\WINDOWS\WinSxS\amd64_microsoft.windows.common-controls_6595b64144ccf1df_6.0.17134.648_none_fb45a0e93062a6d2\COMCTL32.dll
0x00007ff9e9180000 - 0x00007ff9e94a2000 	C:\WINDOWS\System32\combase.dll
0x00007ff9e5e40000 - 0x00007ff9e5eba000 	C:\WINDOWS\System32\bcryptPrimitives.dll
0x00007ff9e8dc0000 - 0x00007ff9e8ded000 	C:\WINDOWS\System32\IMM32.DLL
0x00000000504b0000 - 0x0000000050582000 	C:\Program Files\Java\jdk1.8.0_20\jre\bin\msvcr100.dll
0x0000000076770000 - 0x0000000076fc8000 	C:\Program Files\Java\jdk1.8.0_20\jre\bin\server\jvm.dll
0x00007ff9e9850000 - 0x00007ff9e9858000 	C:\WINDOWS\System32\PSAPI.DLL
0x00007ff9e0320000 - 0x00007ff9e0343000 	C:\WINDOWS\SYSTEM32\WINMM.dll
0x00007ff9d8dc0000 - 0x00007ff9d8dc9000 	C:\WINDOWS\SYSTEM32\WSOCK32.dll
0x00007ff9e8f90000 - 0x00007ff9e8ffc000 	C:\WINDOWS\System32\WS2_32.dll
0x00007ff9e0440000 - 0x00007ff9e046a000 	C:\WINDOWS\SYSTEM32\winmmbase.dll
0x00007ff9e66a0000 - 0x00007ff9e66e9000 	C:\WINDOWS\System32\cfgmgr32.dll
0x00000000504a0000 - 0x00000000504af000 	C:\Program Files\Java\jdk1.8.0_20\jre\bin\verify.dll
0x0000000050470000 - 0x0000000050498000 	C:\Program Files\Java\jdk1.8.0_20\jre\bin\java.dll
0x0000000050430000 - 0x0000000050465000 	C:\Program Files\Java\jdk1.8.0_20\jre\bin\jdwp.dll
0x0000000050420000 - 0x0000000050428000 	C:\Program Files\Java\jdk1.8.0_20\jre\bin\npt.dll
0x00000000503f0000 - 0x0000000050413000 	C:\Program Files\Java\jdk1.8.0_20\jre\bin\instrument.dll
0x00000000503d0000 - 0x00000000503e6000 	C:\Program Files\Java\jdk1.8.0_20\jre\bin\zip.dll
0x00007ff9e6fb0000 - 0x00007ff9e83f0000 	C:\WINDOWS\System32\SHELL32.dll
0x00007ff9e6f00000 - 0x00007ff9e6fa9000 	C:\WINDOWS\System32\shcore.dll
0x00007ff9e6750000 - 0x00007ff9e6e5d000 	C:\WINDOWS\System32\windows.storage.dll
0x00007ff9e8a90000 - 0x00007ff9e8ae1000 	C:\WINDOWS\System32\shlwapi.dll
0x00007ff9e5db0000 - 0x00007ff9e5dc1000 	C:\WINDOWS\System32\kernel.appcore.dll
0x00007ff9e5e20000 - 0x00007ff9e5e3f000 	C:\WINDOWS\System32\profapi.dll
0x00007ff9e5dd0000 - 0x00007ff9e5e1c000 	C:\WINDOWS\System32\powrprof.dll
0x00007ff9e5d80000 - 0x00007ff9e5d8a000 	C:\WINDOWS\System32\FLTLIB.DLL
0x00000000503c0000 - 0x00000000503c9000 	C:\Program Files\Java\jdk1.8.0_20\jre\bin\dt_socket.dll
0x00007ff9d9310000 - 0x00007ff9d9326000 	C:\WINDOWS\system32\napinsp.dll
0x00007ff9d91f0000 - 0x00007ff9d920a000 	C:\WINDOWS\system32\pnrpnsp.dll
0x00007ff9e2a80000 - 0x00007ff9e2a99000 	C:\WINDOWS\system32\NLAapi.dll
0x00007ff9e5600000 - 0x00007ff9e5666000 	C:\WINDOWS\System32\mswsock.dll
0x00007ff9e53c0000 - 0x00007ff9e547e000 	C:\WINDOWS\SYSTEM32\DNSAPI.dll
0x00007ff9e9860000 - 0x00007ff9e9868000 	C:\WINDOWS\System32\NSI.dll
0x00007ff9e5380000 - 0x00007ff9e53b8000 	C:\WINDOWS\SYSTEM32\IPHLPAPI.DLL
0x00007ff9d91e0000 - 0x00007ff9d91ee000 	C:\WINDOWS\System32\winrnr.dll
0x00007ff9d91c0000 - 0x00007ff9d91d5000 	C:\WINDOWS\System32\wshbth.dll
0x00007ff9ddb40000 - 0x00007ff9ddbb2000 	C:\WINDOWS\System32\fwpuclnt.dll
0x00007ff9e58e0000 - 0x00007ff9e5905000 	C:\WINDOWS\SYSTEM32\bcrypt.dll
0x00007ff9dc410000 - 0x00007ff9dc41a000 	C:\Windows\System32\rasadhlp.dll
0x00007ff9e57c0000 - 0x00007ff9e57d7000 	C:\WINDOWS\SYSTEM32\CRYPTSP.dll
0x00007ff9e51e0000 - 0x00007ff9e5213000 	C:\WINDOWS\system32\rsaenh.dll
0x00007ff9e5c80000 - 0x00007ff9e5ca8000 	C:\WINDOWS\SYSTEM32\USERENV.dll
0x00007ff9e57b0000 - 0x00007ff9e57bb000 	C:\WINDOWS\SYSTEM32\CRYPTBASE.dll
0x00000000503a0000 - 0x00000000503ba000 	C:\Program Files\Java\jdk1.8.0_20\jre\bin\net.dll
0x00007ff9dfec0000 - 0x00007ff9dfed6000 	C:\WINDOWS\SYSTEM32\dhcpcsvc6.DLL
0x00007ff9dfea0000 - 0x00007ff9dfeba000 	C:\WINDOWS\SYSTEM32\dhcpcsvc.DLL
0x0000000050380000 - 0x0000000050391000 	C:\Program Files\Java\jdk1.8.0_20\jre\bin\nio.dll
0x00007ff9c3f00000 - 0x00007ff9c3f63000 	C:\Users\Vladimir\AppData\Local\Temp\usb4java428529953169222296.tmp\libusb4java.dll
0x00007ff9d9e50000 - 0x00007ff9da019000 	C:\WINDOWS\SYSTEM32\dbghelp.dll

VM Arguments:
jvm_args: -agentlib:jdwp=transport=dt_socket,suspend=y,address=localhost:10311 -javaagent:D:\Install\sts-4.0.1.RELEASE\configuration\org.eclipse.osgi\235\0\.cp\lib\javaagent-shaded.jar -Dfile.encoding=UTF-8 
java_command: com.vladimir.PsyComUsb.App4
java_class_path (initial): G:\ArtMedico\LieScanner\Software\PsyComUsb\target\classes;C:\Users\Vladimir\.m2\repository\org\usb4java\usb4java-javax\1.3.0\usb4java-javax-1.3.0.jar;C:\Users\Vladimir\.m2\repository\javax\usb\usb-api\1.0.2\usb-api-1.0.2.jar;C:\Users\Vladimir\.m2\repository\org\apache\commons\commons-lang3\3.8.1\commons-lang3-3.8.1.jar;C:\Users\Vladimir\.m2\repository\org\usb4java\usb4java\1.3.0\usb4java-1.3.0.jar;C:\Users\Vladimir\.m2\repository\org\usb4java\libusb4java\1.3.0\libusb4java-1.3.0-linux-x86.jar;C:\Users\Vladimir\.m2\repository\org\usb4java\libusb4java\1.3.0\libusb4java-1.3.0-linux-x86-64.jar;C:\Users\Vladimir\.m2\repository\org\usb4java\libusb4java\1.3.0\libusb4java-1.3.0-win32-x86.jar;C:\Users\Vladimir\.m2\repository\org\usb4java\libusb4java\1.3.0\libusb4java-1.3.0-win32-x86-64.jar;C:\Users\Vladimir\.m2\repository\org\usb4java\libusb4java\1.3.0\libusb4java-1.3.0-darwin-x86-64.jar;C:\Users\Vladimir\.m2\repository\org\usb4java\libusb4java\1.3.0\libusb4java-1.3.0-linux-arm.jar;C:\Users\Vladimir\.m2\repository\org\usb4java\libusb4java\1.3.0\libusb4java-1.3.0-linux-aarch64.jar;D:\Install\sts-4.0.1.RELEASE\configuration\org.eclipse.osgi\235\0\.cp\lib\javaagent-shaded.jar
Launcher Type: SUN_STANDARD

Environment Variables:
JAVA_HOME=C:\Program Files\Java\jdk1.8.0_20
PATH=C:\Program Files\Java\jdk1.8.0_20\jre\bin;C:/Program Files/Java/jre1.8.0_152/bin/server;C:/Program Files/Java/jre1.8.0_152/bin;C:/Program Files/Java/jre1.8.0_152/lib/amd64;C:\Program Files (x86)\Common Files\Oracle\Java\javapath;C:\Program Files\Microsoft MPI\Bin\;D:\oraclexe\app\oracle\product\11.2.0\server\bin;C:\Program Files (x86)\Common Files\Intel\Shared Files\cpp\bin\Intel64;C:\ProgramData\Oracle\Java\javapath;C:\Program Files\Java\jdk1.8.0_20\jdk1.8.0_20\bin;C:\Program Files (x86)\Intel\iCLS Client\;C:\Program Files\Intel\iCLS Client\;C:\Program Files (x86)\NVIDIA Corporation\PhysX\Common;C:\WINDOWS\system32;C:\WINDOWS;C:\WINDOWS\System32\Wbem;C:\WINDOWS\System32\WindowsPowerShell\v1.0\;C:\Program Files\Intel\Intel(R) Management Engine Components\DAL;C:\Program Files\Intel\Intel(R) Management Engine Components\IPT;C:\Program Files (x86)\Intel\Intel(R) Management Engine Components\DAL;C:\Program Files (x86)\Intel\Intel(R) Management Engine Components\IPT;D:\Program Files (x86)\Borland\Delphi6\Bin;D:\Program Files (x86)\Borland\Delphi6\Projects\Bpl;D:\Program Files\apache-maven-3.3.9\bin;C:\Program Files\Java\jdk1.8.0_20\bin;C:\Program Files\Git\cmd;D:\Program Files\instantclient_11_2;C:\Program Files\nodejs\;D:\Program Files (x86)\MATLAB\R2009b\runtime\win32;D:\Program Files (x86)\MATLAB\R2009b\bin;"C:\Program Files (x86)\Zend\ZendServer\bin";"C:\Program Files (x86)\Zend\ZendServer\share\ZendFramework\bin";C:\WINDOWS\System32\OpenSSH\;C:\Program Files\Microsoft VS Code\bin;D:\Program Files (x86)\Nmap;C:\Users\Vladimir\AppData\Local\Microsoft\WindowsApps;C:\Users\Vladimir\AppData\Roaming\npm;D:\Install\Fiddler;D:\Install\gradle-4.10.2\bin;D:\Programsr\Anaconda3-351\Scripts;D:\Install\sts-4.0.1.RELEASE;
USERNAME=Vladimir
OS=Windows_NT
PROCESSOR_IDENTIFIER=Intel64 Family 6 Model 60 Stepping 3, GenuineIntel



---------------  S Y S T E M  ---------------

OS: Windows 8.1 , 64 bit Build 9600 

CPU:total 8 (4 cores per cpu, 2 threads per core) family 6 model 60 stepping 3, cmov, cx8, fxsr, mmx, sse, sse2, sse3, ssse3, sse4.1, sse4.2, popcnt, avx, avx2, aes, clmul, erms, lzcnt, ht, tsc, tscinvbit, bmi1, bmi2

Memory: 4k page, physical 16654700k(9310436k free), swap 19145068k(3719664k free)

vm_info: Java HotSpot(TM) 64-Bit Server VM (25.20-b23) for windows-amd64 JRE (1.8.0_20-b26), built on Jul 30 2014 13:51:23 by "java_re" with MS VC++ 10.0 (VS2010)

time: Sat Apr 06 18:40:11 2019
elapsed time: 21 seconds (0d 0h 0m 21s)

